0 info it worked if it ends with ok
1 verbose cli [ '/usr/bin/nodejs', '/usr/bin/npm', 'search', 'xmlbuilder' ]
2 info using npm@2.15.9
3 info using node@v4.6.0
4 silly mapToRegistry name -/all
5 silly mapToRegistry using default registry
6 silly mapToRegistry registry https://registry.npmjs.org/
7 silly mapToRegistry data Result {
7 silly mapToRegistry   raw: '-/all',
7 silly mapToRegistry   scope: null,
7 silly mapToRegistry   name: null,
7 silly mapToRegistry   rawSpec: '-/all',
7 silly mapToRegistry   spec: '/root/important/guide/-/all',
7 silly mapToRegistry   type: 'local' }
8 silly mapToRegistry uri https://registry.npmjs.org/-/all
9 info updateIndex /root/.npm/registry.npmjs.org/-/all/.cache.json
10 verbose correctMkdir /root/.npm correctMkdir not in flight; initializing
11 verbose makeDirectory /root/.npm creation not in flight; initializing
12 silly makeDirectory /root/.npm uid: 0 gid: 0
13 warn Building the local index for the first time, please be patient
14 silly update-index fetching https://registry.npmjs.org/-/all
15 verbose request uri https://registry.npmjs.org/-/all
16 verbose request no auth needed
17 info attempt registry request try #1 at 7:53:51 PM
18 verbose request id 3ef400afec29c965
19 http request GET https://registry.npmjs.org/-/all
20 verbose stack RangeError: Invalid array buffer length
20 verbose stack     at new ArrayBuffer (native)
20 verbose stack     at new Uint8Array (native)
20 verbose stack     at createBuffer (buffer.js:25:17)
20 verbose stack     at allocate (buffer.js:158:12)
20 verbose stack     at new Buffer (buffer.js:56:12)
20 verbose stack     at Function.Buffer.concat (buffer.js:286:16)
20 verbose stack     at BufferList.copy (/usr/lib/node_modules/npm/node_modules/request/node_modules/bl/bl.js:136:21)
20 verbose stack     at BufferList.slice (/usr/lib/node_modules/npm/node_modules/request/node_modules/bl/bl.js:110:15)
20 verbose stack     at Request.<anonymous> (/usr/lib/node_modules/npm/node_modules/request/request.js:1040:32)
20 verbose stack     at emitOne (events.js:82:20)
21 verbose cwd /root/important/guide
22 error Linux 3.13.0-48-generic
23 error argv "/usr/bin/nodejs" "/usr/bin/npm" "search" "xmlbuilder"
24 error node v4.6.0
25 error npm  v2.15.9
26 error Invalid array buffer length
27 error If you need help, you may report this error at:
27 error     <https://github.com/npm/npm/issues>
28 verbose exit [ 1, true ]
